<?xml version="1.0" encoding="UTF-8"?>
<!-- Generated by org.testng.reporters.JUnitReportReporter -->
<testsuite hostname="DESKTOP-SKI9B3G" failures="0" tests="3" name="diane_hw4.Log4_test" time="20.825" errors="0" timestamp="2025-01-20T19:48:52 QYZT" skipped="0">
  <testcase classname="diane_hw4.Log4_test" name="openYouTube" time="15.455"/>
  <testcase classname="diane_hw4.Log4_test" name="searchVideo" time="2.183"/>
  <testcase classname="diane_hw4.Log4_test" name="playFirstVideo" time="3.187"/>
</testsuite> <!-- diane_hw4.Log4_test -->
