<?xml version="1.0" encoding="UTF-8"?>
<!-- Generated by org.testng.reporters.JUnitReportReporter -->
<testsuite hostname="DESKTOP-SKI9B3G" failures="0" tests="2" name="diane_hw4.ExtentReport_test" time="16.838" errors="0" timestamp="2025-01-20T20:02:44 QYZT" skipped="0">
  <testcase classname="diane_hw4.ExtentReport_test" name="openYouTube" time="14.420"/>
  <testcase classname="diane_hw4.ExtentReport_test" name="searchRasputinDance" time="2.418"/>
</testsuite> <!-- diane_hw4.ExtentReport_test -->
