<?xml version="1.0" encoding="UTF-8"?>
<!-- Generated by org.testng.reporters.JUnitReportReporter -->
<testsuite hostname="DESKTOP-SKI9B3G" failures="0" tests="3" name="diane_hw4.TestNG_implementation" time="16.429" errors="0" timestamp="2025-01-20T19:12:06 QYZT" skipped="0">
  <testcase classname="diane_hw4.TestNG_implementation" name="openWebsite" time="7.552"/>
  <testcase classname="diane_hw4.TestNG_implementation" name="login" time="4.596"/>
  <testcase classname="diane_hw4.TestNG_implementation" name="addToCart" time="4.281"/>
</testsuite> <!-- diane_hw4.TestNG_implementation -->
